{
  "0": {
    "name": "アーマーガア",
    "sex": 1,
    "level": 50,
    "nature": "ひかえめ",
    "ability": "ミラーアーマー",
    "item": "ぎんのこな",
    "Ttype": "ひこう",
    "moves": [
      "ブレイブバード",
      "はねやすめ",
      "ちょうはつ",
      "こらえる"
    ],
    "indiv": [
      31,
      31,
      31,
      31,
      31,
      31
    ],
    "effort": [
      252,
      252,
      0,
      0,
      0,
      4
    ]
  },
  "1": {
    "name": "サザンドラ",
    "sex": -1,
    "level": 50,
    "nature": "おだやか",
    "ability": "ふゆう",
    "item": "あついいわ",
    "Ttype": "あく",
    "moves": [
      "だいもんじ",
      "まもる",
      "とんぼがえり",
      "あくのはどう"
    ],
    "indiv": [
      31,
      31,
      31,
      31,
      31,
      31
    ],
    "effort": [
      88,
      84,
      76,
      64,
      96,
      100
    ]
  },
  "2": {
    "name": "サーフゴー",
    "sex": 1,
    "level": 50,
    "nature": "ずぶとい",
    "ability": "おうごんのからだ",
    "item": "バコウのみ",
    "Ttype": "はがね",
    "moves": [
      "てっぺき",
      "じこさいせい",
      "みがわり",
      "マジカルシャイン"
    ],
    "indiv": [
      31,
      31,
      31,
      31,
      31,
      31
    ],
    "effort": [
      80,
      88,
      76,
      92,
      84,
      88
    ]
  },
  "3": {
    "name": "アシレーヌ",
    "sex": -1,
    "level": 50,
    "nature": "わんぱく",
    "ability": "げきりゅう",
    "item": "ロゼルのみ",
    "Ttype": "みず",
    "moves": [
      "れいとうビーム",
      "ハイパーボイス",
      "エナジーボール",
      "クイックターン"
    ],
    "indiv": [
      31,
      31,
      31,
      31,
      31,
      31
    ],
    "effort": [
      92,
      84,
      68,
      96,
      84,
      84
    ]
  },
  "4": {
    "name": "ドラパルト",
    "sex": 1,
    "level": 50,
    "nature": "ずぶとい",
    "ability": "のろわれボディ",
    "item": "くろおび",
    "Ttype": "ドラゴン",
    "moves": [
      "のろい",
      "りゅうのまい",
      "ドラゴンアロー",
      "ふいうち"
    ],
    "indiv": [
      31,
      31,
      31,
      31,
      31,
      31
    ],
    "effort": [
      252,
      0,
      0,
      0,
      4,
      252
    ]
  },
  "5": {
    "name": "クチート",
    "sex": -1,
    "level": 50,
    "nature": "いじっぱり",
    "ability": "ちからずく",
    "item": "クチートナイト",
    "Ttype": "はがね",
    "moves": [
      "サイコファング",
      "みがわり",
      "ほのおのパンチ",
      "かわらわり"
    ],
    "indiv": [
      31,
      31,
      31,
      31,
      31,
      31
    ],
    "effort": [
      0,
      0,
      4,
      252,
      252,
      0
    ]
  }
}